<?xml version="1.0" encoding="UTF-8"?>
<testng-results skipped="0" failed="0" total="1" passed="1">
  <reporter-output>
  </reporter-output>
  <suite name="Default suite" duration-ms="6259" started-at="2020-11-05T09:56:14Z" finished-at="2020-11-05T09:56:20Z">
    <groups>
    </groups>
    <test name="Default test" duration-ms="6259" started-at="2020-11-05T09:56:14Z" finished-at="2020-11-05T09:56:20Z">
      <class name="kycTestJob.setup">
        <test-method status="PASS" signature="launch()[pri:0, instance:kycTestJob.setup@9629756]" name="launch" duration-ms="6224" started-at="2020-11-05T15:26:14Z" finished-at="2020-11-05T15:26:20Z">
          <reporter-output>
          </reporter-output>
        </test-method> <!-- launch -->
      </class> <!-- kycTestJob.setup -->
    </test> <!-- Default test -->
  </suite> <!-- Default suite -->
</testng-results>
